<?xml version="1.0" encoding="UTF-8"?>
<testng-results ignored="0" total="1" passed="1" failed="0" skipped="0">
  <reporter-output>
  </reporter-output>
  <suite started-at="2022-11-09T08:05:41 IST" name="Default suite" finished-at="2022-11-09T08:05:42 IST" duration-ms="852">
    <groups>
    </groups>
    <test started-at="2022-11-09T08:05:41 IST" name="Default test" finished-at="2022-11-09T08:05:42 IST" duration-ms="852">
      <class name="tests.TestProductCheckout">
        <test-method is-config="true" signature="setup()[pri:0, instance:tests.TestProductCheckout@543588e6]" started-at="2022-11-09T08:05:33 IST" name="setup" finished-at="2022-11-09T08:05:41 IST" duration-ms="7728" status="PASS">
          <reporter-output>
          </reporter-output>
        </test-method> <!-- setup -->
        <test-method signature="verifyProductCheckout(java.lang.String,java.lang.String,java.lang.String,java.lang.String,java.lang.String)[pri:0, instance:tests.TestProductCheckout@543588e6]" started-at="2022-11-09T08:05:41 IST" name="verifyProductCheckout" description="productCheckout.csv" data-provider="getCsvData" finished-at="2022-11-09T08:05:42 IST" duration-ms="799" status="PASS">
          <params>
            <param index="0">
              <value>
                <![CDATA[sauce-labs-bolt-t-shirt]]>
              </value>
            </param>
            <param index="1">
              <value>
                <![CDATA[automation]]>
              </value>
            </param>
            <param index="2">
              <value>
                <![CDATA[tester]]>
              </value>
            </param>
            <param index="3">
              <value>
                <![CDATA[1234567]]>
              </value>
            </param>
            <param index="4">
              <value>
                <![CDATA[THANK YOU FOR YOUR ORDER]]>
              </value>
            </param>
          </params>
          <reporter-output>
          </reporter-output>
        </test-method> <!-- verifyProductCheckout -->
        <test-method is-config="true" signature="tearDown()[pri:0, instance:tests.TestProductCheckout@543588e6]" started-at="2022-11-09T08:05:42 IST" name="tearDown" finished-at="2022-11-09T08:05:42 IST" duration-ms="13" status="PASS">
          <reporter-output>
          </reporter-output>
        </test-method> <!-- tearDown -->
      </class> <!-- tests.TestProductCheckout -->
    </test> <!-- Default test -->
  </suite> <!-- Default suite -->
</testng-results>
