<?xml version="1.0" encoding="UTF-8"?>
<testng-results ignored="4" total="7" passed="3" failed="0" skipped="0">
  <reporter-output>
  </reporter-output>
  <suite started-at="2022-11-09T17:13:24 IST" name="Suite" finished-at="2022-11-09T17:13:25 IST" duration-ms="1256">
    <groups>
    </groups>
    <test started-at="2022-11-09T17:13:24 IST" name="Test" finished-at="2022-11-09T17:13:25 IST" duration-ms="1256">
      <class name="tests.TestProductCheckout">
        <test-method signature="verifyProductCheckout(java.lang.String,java.lang.String,java.lang.String,java.lang.String,java.lang.String)[pri:0, instance:tests.TestProductCheckout@18f20260]" started-at="2022-11-09T17:13:24 IST" name="verifyProductCheckout" description="productCheckout.csv" data-provider="getCsvData" finished-at="2022-11-09T17:13:25 IST" duration-ms="1071" status="PASS">
          <params>
            <param index="0">
              <value>
                <![CDATA[sauce-labs-bolt-t-shirt]]>
              </value>
            </param>
            <param index="1">
              <value>
                <![CDATA[automation]]>
              </value>
            </param>
            <param index="2">
              <value>
                <![CDATA[tester]]>
              </value>
            </param>
            <param index="3">
              <value>
                <![CDATA[1234567]]>
              </value>
            </param>
            <param index="4">
              <value>
                <![CDATA[THANK YOU FOR YOUR ORDER]]>
              </value>
            </param>
          </params>
          <reporter-output>
          </reporter-output>
        </test-method> <!-- verifyProductCheckout -->
      </class> <!-- tests.TestProductCheckout -->
      <class name="tests.TestProductAddedToCart">
        <test-method signature="verifyProductAddedToCart(java.lang.String,java.lang.String)[pri:0, instance:tests.TestProductAddedToCart@6722db6e]" started-at="2022-11-09T17:13:24 IST" name="verifyProductAddedToCart" description="productAddedToCart.csv" data-provider="getCsvData" finished-at="2022-11-09T17:13:24 IST" duration-ms="103" status="PASS">
          <params>
            <param index="0">
              <value>
                <![CDATA[sauce-labs-backpack]]>
              </value>
            </param>
            <param index="1">
              <value>
                <![CDATA[Sauce Labs Backpack]]>
              </value>
            </param>
          </params>
          <reporter-output>
          </reporter-output>
        </test-method> <!-- verifyProductAddedToCart -->
      </class> <!-- tests.TestProductAddedToCart -->
      <class name="tests.TestHomePage">
        <test-method is-config="true" signature="setup()[pri:0, instance:tests.TestHomePage@19fe4644]" started-at="2022-11-09T17:13:20 IST" name="setup" finished-at="2022-11-09T17:13:24 IST" duration-ms="3953" status="PASS">
          <reporter-output>
          </reporter-output>
        </test-method> <!-- setup -->
        <test-method signature="verifyHomePageTitle()[pri:0, instance:tests.TestHomePage@19fe4644]" started-at="2022-11-09T17:13:24 IST" name="verifyHomePageTitle" finished-at="2022-11-09T17:13:24 IST" duration-ms="28" status="PASS">
          <reporter-output>
          </reporter-output>
        </test-method> <!-- verifyHomePageTitle -->
        <test-method is-config="true" signature="tearDown()[pri:0, instance:tests.TestHomePage@19fe4644]" started-at="2022-11-09T17:13:25 IST" name="tearDown" finished-at="2022-11-09T17:13:25 IST" duration-ms="10" status="PASS">
          <reporter-output>
          </reporter-output>
        </test-method> <!-- tearDown -->
      </class> <!-- tests.TestHomePage -->
    </test> <!-- Test -->
  </suite> <!-- Suite -->
</testng-results>
