<?xml version="1.0" encoding="UTF-8"?>
<!-- Generated by org.testng.reporters.JUnitXMLReporter -->
<testsuite ignored="4" hostname="INBAWN167023" failures="0" tests="3" name="Test" time="1.306" errors="0" timestamp="2022-11-03T09:07:37 IST">
  <testcase classname="tests.TestHomePage" name="verifyHomePageTitle" time="0.027"/>
  <testcase classname="tests.TestProductAddedToCart" name="verifyProductAddedToCart" time="0.144"/>
  <testcase classname="tests.TestProductCheckout" name="verifyProductCheckout" time="1.057"/>
  <testcase classname="base.TestBase" name="@BeforeSuite setup" time="0.0">
    <ignored/>
  </testcase> <!-- @BeforeSuite setup -->
  <testcase classname="base.TestBase" name="@AfterSuite tearDown" time="0.0">
    <ignored/>
  </testcase> <!-- @AfterSuite tearDown -->
  <testcase classname="base.TestBase" name="@AfterSuite tearDown" time="0.0">
    <ignored/>
  </testcase> <!-- @AfterSuite tearDown -->
  <testcase classname="base.TestBase" name="@BeforeSuite setup" time="0.0">
    <ignored/>
  </testcase> <!-- @BeforeSuite setup -->
</testsuite> <!-- Test -->
